Arguments: 
  D:\Software\nodejs\node.exe D:\Software\yarn\bin\yarn.js install

PATH: 
  C:\Program Files (x86)\Common Files\Intel\Shared Libraries\redist\intel64\compiler;C:\Windows\system32;C:\Windows;C:\Windows\System32\Wbem;C:\Windows\System32\WindowsPowerShell\v1.0\;C:\Windows\System32\OpenSSH\;C:\Program Files (x86)\NVIDIA Corporation\PhysX\Common;C:\Program Files\NVIDIA Corporation\NVIDIA NvDLISR;D:\Software\yarn\bin\;D:\Software\nodejs\;C:\WINDOWS\system32;C:\WINDOWS;C:\WINDOWS\System32\Wbem;C:\WINDOWS\System32\WindowsPowerShell\v1.0\;C:\WINDOWS\System32\OpenSSH\;C:\Users\Duan\AppData\Local\Microsoft\WindowsApps;;C:\Users\Duan\AppData\Local\Programs\Microsoft VS Code\bin;C:\Users\Duan\AppData\Local\Yarn\bin;C:\Users\Duan\AppData\Roaming\npm

Yarn version: 
  1.22.5

Node version: 
  14.17.1

Platform: 
  win32 x64

Trace: 
  Error: EPERM: operation not permitted, unlink 'C:\Users\Duan\Desktop\Build\node_modules\esbuild\esbuild.exe'

npm manifest: 
  {
    "name": "gulu-ui-1",
    "version": "0.0.4",
    "files": [
      "dist/lib/*"
    ],
    "main": "dist/lib/gulu.js",
    "module": "dist/lib/gulu.esm.js",
    "scripts": {
      "dev": "vite",
      "build": "vite build"
    },
    "resolutions": {
      "node-sass": "npm:sass@1.26.11"
    },
    "dependencies": {
      "github-markdown-css": "4.0.0",
      "marked": "^4.0.14",
      "prismjs": "1.21.0",
      "vue": "3.0.0",
      "vue-router": "4.0.0-beta.3"
    },
    "devDependencies": {
      "@vue/compiler-sfc": "3.0.0",
      "rollup-plugin-esbuild": "2.5.0",
      "rollup-plugin-scss": "2.6.0",
      "rollup-plugin-terser": "7.0.2",
      "rollup-plugin-vue": "6.0.0-beta.10",
      "sass": "1.32.11",
      "vite": "1.0.0-rc.1"
    }
  }

yarn manifest: 
  No manifest

Lockfile: 
  No lockfile
